<beans xmlns:xsi="http://www.w3.org/2001/XMLSchema-instance"
	xmlns="http://www.springframework.org/schema/beans" 
	xmlns:mvc="http://www.springframework.org/schema/mvc"
	xmlns:tx="http://www.springframework.org/schema/tx" 
	xmlns:context="http://www.springframework.org/schema/context"
	xmlns:aop="http://www.springframework.org/schema/aop" 
	xmlns:amq="http://activemq.apache.org/schema/core"
	xmlns:jms="http://www.springframework.org/schema/jms" 
	xmlns:util="http://www.springframework.org/schema/util"
	xsi:schemaLocation="http://www.springframework.org/schema/beans
	http://www.springframework.org/schema/beans/spring-beans.xsd
	http://www.springframework.org/schema/mvc
	http://www.springframework.org/schema/mvc/spring-mvc.xsd
	http://www.springframework.org/schema/tx
	http://www.springframework.org/schema/tx/spring-tx.xsd
	http://www.springframework.org/schema/context
	http://www.springframework.org/schema/context/spring-context.xsd
	http://www.springframework.org/schema/aop
	http://www.springframework.org/schema/aop/spring-aop.xsd
	http://activemq.apache.org/schema/core
	http://activemq.apache.org/schema/core/activemq-core.xsd
	http://www.springframework.org/schema/jms
	http://www.springframework.org/schema/jms/spring-jms.xsd
	http://www.springframework.org/schema/util 
	http://www.springframework.org/schema/util/spring-util.xsd">
	<!-- Base Components -->
	<context:annotation-config />
	<context:component-scan base-package="org.verwandlung.voj.web" />

	<!-- Property File Location -->
	<bean
		class="org.springframework.beans.factory.config.PropertyPlaceholderConfigurer">
		<property name="locations">
			<list>
				<value>classpath:/voj-test.properties</value>
			</list>
		</property>
	</bean>
	<util:properties id="propertyConfigurer" location="classpath:/voj.properties" />
	<context:property-placeholder properties-ref="propertyConfigurer" />
	
	<!-- Enable AspectJ style of Spring AOP -->
	<aop:aspectj-autoproxy />

	<!-- Map simple view name such as "test" into /WEB-INF/test.jsp -->
	<bean class="org.springframework.web.servlet.view.InternalResourceViewResolver">
		<property name="prefix">
			<value>/WEB-INF/views/</value>
		</property>
		<property name="suffix">
			<value>.jsp</value>
		</property>
	</bean>

	<!-- JDBC Data Source. It is assumed you have MySQL running on localhost 
		port 3306 with username root and blank password. Change below if it's not 
		the case -->
	<bean id="dataSource" class="com.alibaba.druid.pool.DruidDataSource"
		init-method="init" destroy-method="close">
		<property name="driverClassName" value="${jdbc.driverClassName}" />
		<property name="url" value="${jdbc.url}" />
		<property name="username" value="${jdbc.username}" />
		<property name="password" value="${jdbc.password}" />
		<property name="initialSize" value="${jdbc.initialSize}" />
		<property name="maxActive" value="${jdbc.maxActive}" />
		<property name="minIdle" value="${jdbc.minIdle}" />
		<property name="maxIdle" value="${jdbc.maxIdle}" />
		<property name="maxWait" value="${jdbc.maxWait}" />
		<property name="timeBetweenEvictionRunsMillis" value="${jdbc.timeBetweenEvictionRunsMillis}" />
		<property name="minEvictableIdleTimeMillis" value="${jdbc.minEvictableIdleTimeMillis}" />
		<property name="removeAbandoned" value="${jdbc.removeAbandoned}" />
		<property name="removeAbandonedTimeout" value="${jdbc.removeAbandonedTimeout}" />
		<property name="validationQuery" value="SELECT 1" />
	</bean>
	<bean id="sessionFactory" class="org.mybatis.spring.SqlSessionFactoryBean">
		<property name="dataSource" ref="dataSource" />
		<property name="mapperLocations" value="classpath:/mappers/*.xml"></property>
	</bean>
	<bean class="org.mybatis.spring.mapper.MapperScannerConfigurer">
		<property name="basePackage" value="org.verwandlung.voj.web.mapper" />
		<property name="sqlSessionFactoryBeanName" value="sessionFactory"></property>
	</bean>
	<bean id="transactionManager"
		class="org.springframework.jdbc.datasource.DataSourceTransactionManager">
		<property name="dataSource" ref="dataSource" />
	</bean>
	<tx:annotation-driven transaction-manager="transactionManager"/>

	<!-- Mail Service -->
	<bean id="freeMarkerConfigurer"
		class="org.springframework.web.servlet.view.freemarker.FreeMarkerConfigurer">
		<property name="templateLoaderPath" value="classpath:/mails"/>
	</bean>
	<bean id="mailSender" class="org.springframework.mail.javamail.JavaMailSenderImpl">
		<property name="host" value="${mail.host}" />
		<property name="username" value="${mail.username}" />
		<property name="password" value="${mail.password}" />
		<property name="javaMailProperties">
			<props>
				<prop key="mail.smtp.auth">true</prop>
				<prop key="mail.smtp.starttls.enable">true</prop>
			</props>
		</property>
	</bean>
	<bean id="vojMailSender" 
		class="org.verwandlung.voj.web.util.MailSender">
	</bean>
	
	<!-- Message Service -->
	<bean id="amqConnectionFactory" class="org.apache.activemq.artemis.jms.client.ActiveMQConnectionFactory">
		<constructor-arg index="0" value="${jms.broker.url}" />
	</bean>
	<bean id="connectionFactory" class="org.springframework.jms.connection.CachingConnectionFactory">
		<constructor-arg ref="amqConnectionFactory" />
	</bean> 
	<bean id="defaultDestination" class="org.apache.activemq.artemis.jms.client.ActiveMQQueue">
		<constructor-arg index="0" value="vojMessageQueue"/>
	</bean>		
	<bean id="jmsTemplate" class="org.springframework.jms.core.JmsTemplate">
		<property name="connectionFactory" ref="connectionFactory" />
		<property name="defaultDestination" ref="defaultDestination" />
	</bean>
	<bean class="org.springframework.jms.listener.SimpleMessageListenerContainer">
		<property name="connectionFactory" ref="connectionFactory" />
		<property name="destinationName" value="vojMessageQueue" />
		<property name="messageListener" ref="messageReceiver" />
	</bean> 
	<bean id="messageSender" class="org.verwandlung.voj.web.messenger.MessageSender"></bean>
	<bean id="messageReceiver" class="org.verwandlung.voj.web.messenger.MessageReceiver"></bean>
</beans>